<?xml version="1.0" encoding="UTF-8"?>
<!-- Generated by org.testng.reporters.JUnitXMLReporter -->
<testsuite ignored="0" hostname="DevendraS-130398" failures="2" tests="2" name="Listnere_methodsClass" time="0.049" errors="0" timestamp="2023-01-10T12:35:08 IST">
  <testcase classname="My_TestListeners.Listnere_methodsClass" name="Positive_Flow" time="0.013">
    <failure type="java.lang.NullPointerException" message="Cannot invoke &amp;quot;org.openqa.selenium.WebDriver.findElement(org.openqa.selenium.By)&amp;quot; because &amp;quot;My_TestListeners.Listnere_methodsClass.driver&amp;quot; is null">
      <![CDATA[java.lang.NullPointerException: Cannot invoke "org.openqa.selenium.WebDriver.findElement(org.openqa.selenium.By)" because "My_TestListeners.Listnere_methodsClass.driver" is null
at My_TestListeners.Listnere_methodsClass.Positive_Flow(Listnere_methodsClass.java:155)
at java.base/java.util.ArrayList.forEach(ArrayList.java:1511)
... Removed 25 stack frames]]>
    </failure>
  </testcase> <!-- Positive_Flow -->
  <testcase classname="My_TestListeners.Listnere_methodsClass" name="Positive_Flow" time="0.029">
    <failure type="java.lang.NullPointerException" message="Cannot invoke &amp;quot;org.openqa.selenium.TakesScreenshot.getScreenshotAs(org.openqa.selenium.OutputType)&amp;quot; because &amp;quot;My_TestListeners.Base_Class.driver&amp;quot; is null">
      <![CDATA[java.lang.NullPointerException: Cannot invoke "org.openqa.selenium.TakesScreenshot.getScreenshotAs(org.openqa.selenium.OutputType)" because "My_TestListeners.Base_Class.driver" is null
at My_TestListeners.Base_Class.screenshots(Base_Class.java:61)
at My_TestListeners.ITestListnere.onTestFailure(ITestListnere.java:24)
at java.base/java.util.ArrayList.forEach(ArrayList.java:1511)
... Removed 24 stack frames]]>
    </failure>
  </testcase> <!-- Positive_Flow -->
</testsuite> <!-- Listnere_methodsClass -->
