<?xml version="1.0" encoding="UTF-8"?>
<!-- Generated by org.testng.reporters.JUnitXMLReporter -->
<testsuite ignored="69" hostname="DevendraS-130398" failures="1" tests="1" name="Test" time="0.068" errors="0" timestamp="2023-03-20T18:24:18 IST">
  <testcase classname="TestNG.Airport" name="codeLabelCheck" time="0.018">
    <failure type="java.lang.NullPointerException">
      <![CDATA[java.lang.NullPointerException
at TestNG.Airport.codeLabelCheck(Airport.java:121)
at java.base/java.util.ArrayList.forEach(ArrayList.java:1541)
... Removed 27 stack frames]]>
    </failure>
  </testcase> <!-- codeLabelCheck -->
  <testcase classname="TestNG.Airport" name="PincodeLable" time="0.0">
    <ignored/>
  </testcase> <!-- PincodeLable -->
  <testcase classname="TestNG.Airport" name="Without_Full_Address_fields" time="0.0">
    <ignored/>
  </testcase> <!-- Without_Full_Address_fields -->
  <testcase classname="TestNG.Airport" name="RegionLable" time="0.0">
    <ignored/>
  </testcase> <!-- RegionLable -->
  <testcase classname="TestNG.Airport" name="CutOffTimemm" time="0.0">
    <ignored/>
  </testcase> <!-- CutOffTimemm -->
  <testcase classname="TestNG.Airport" name="apmContactNo" time="0.0">
    <ignored/>
  </testcase> <!-- apmContactNo -->
  <testcase classname="TestNG.Airport" name="gsaAddress" time="0.0">
    <ignored/>
  </testcase> <!-- gsaAddress -->
  <testcase classname="TestNG.Airport" name="AgingDaysfrom" time="0.0">
    <ignored/>
  </testcase> <!-- AgingDaysfrom -->
  <testcase classname="TestNG.Airport" name="Latitude" time="0.0">
    <ignored/>
  </testcase> <!-- Latitude -->
  <testcase classname="TestNG.Airport" name="ghaAddress" time="0.0">
    <ignored/>
  </testcase> <!-- ghaAddress -->
  <testcase classname="TestNG.Airport" name="GLAccountCode" time="0.0">
    <ignored/>
  </testcase> <!-- GLAccountCode -->
  <testcase classname="TestNG.Airport" name="FullAddress" time="0.0">
    <ignored/>
  </testcase> <!-- FullAddress -->
  <testcase classname="TestNG.Airport" name="mandatory_Without_code_fields" time="0.0">
    <ignored/>
  </testcase> <!-- mandatory_Without_code_fields -->
  <testcase classname="TestNG.Airport" name="Without_State_fields" time="0.0">
    <ignored/>
  </testcase> <!-- Without_State_fields -->
  <testcase classname="TestNG.Airport" name="Without_Longitude_fields" time="0.0">
    <ignored/>
  </testcase> <!-- Without_Longitude_fields -->
  <testcase classname="TestNG.Airport" name="Without_Pincode_fields" time="0.0">
    <ignored/>
  </testcase> <!-- Without_Pincode_fields -->
  <testcase classname="TestNG.Airport" name="CountryCodeLable" time="0.0">
    <ignored/>
  </testcase> <!-- CountryCodeLable -->
  <testcase classname="TestNG.Airport" name="gsaEmailID" time="0.0">
    <ignored/>
  </testcase> <!-- gsaEmailID -->
  <testcase classname="TestNG.Airport" name="UOM" time="0.0">
    <ignored/>
  </testcase> <!-- UOM -->
  <testcase classname="TestNG.Airport" name="Longitude" time="0.0">
    <ignored/>
  </testcase> <!-- Longitude -->
  <testcase classname="TestNG.Airport" name="Without_UOM_fields" time="0.0">
    <ignored/>
  </testcase> <!-- Without_UOM_fields -->
  <testcase classname="TestNG.Airport" name="ShiftContactNo" time="0.0">
    <ignored/>
  </testcase> <!-- ShiftContactNo -->
  <testcase classname="TestNG.Airport" name="Without_TimeZone_fields" time="0.0">
    <ignored/>
  </testcase> <!-- Without_TimeZone_fields -->
  <testcase classname="TestNG.Airport" name="AgingDaysTO" time="0.0">
    <ignored/>
  </testcase> <!-- AgingDaysTO -->
  <testcase classname="TestNG.Airport" name="Without_Type_fields" time="0.0">
    <ignored/>
  </testcase> <!-- Without_Type_fields -->
  <testcase classname="TestNG.Airport" name="Invoice_Currency_Type" time="0.0">
    <ignored/>
  </testcase> <!-- Invoice_Currency_Type -->
  <testcase classname="TestNG.Airport" name="Status" time="0.0">
    <ignored/>
  </testcase> <!-- Status -->
  <testcase classname="TestNG.Airport" name="MWBConsignee" time="0.0">
    <ignored/>
  </testcase> <!-- MWBConsignee -->
  <testcase classname="TestNG.Airport" name="LandlineNo" time="0.0">
    <ignored/>
  </testcase> <!-- LandlineNo -->
  <testcase classname="TestNG.Airport" name="ghaSITAAddress" time="0.0">
    <ignored/>
  </testcase> <!-- ghaSITAAddress -->
  <testcase classname="TestNG.Airport" name="Invoice_Currency" time="0.0">
    <ignored/>
  </testcase> <!-- Invoice_Currency -->
  <testcase classname="TestNG.Airport" name="Without_Region_fields" time="0.0">
    <ignored/>
  </testcase> <!-- Without_Region_fields -->
  <testcase classname="TestNG.Airport" name="StationEmailID" time="0.0">
    <ignored/>
  </testcase> <!-- StationEmailID -->
  <testcase classname="TestNG.Airport" name="TypeLable" time="0.0">
    <ignored/>
  </testcase> <!-- TypeLable -->
  <testcase classname="TestNG.Airport" name="CityLable" time="0.0">
    <ignored/>
  </testcase> <!-- CityLable -->
  <testcase classname="TestNG.Airport" name="Metro" time="0.0">
    <ignored/>
  </testcase> <!-- Metro -->
  <testcase classname="TestNG.Airport" name="apmSITAAddress" time="0.0">
    <ignored/>
  </testcase> <!-- apmSITAAddress -->
  <testcase classname="TestNG.Airport" name="Without_Country_Code_fields" time="0.0">
    <ignored/>
  </testcase> <!-- Without_Country_Code_fields -->
  <testcase classname="TestNG.Airport" name="MWBShipper" time="0.0">
    <ignored/>
  </testcase> <!-- MWBShipper -->
  <testcase classname="TestNG.Airport" name="Booking_Currency" time="0.0">
    <ignored/>
  </testcase> <!-- Booking_Currency -->
  <testcase classname="TestNG.Airport" name="MWBAgent" time="0.0">
    <ignored/>
  </testcase> <!-- MWBAgent -->
  <testcase classname="TestNG.Airport" name="ghaname" time="0.0">
    <ignored/>
  </testcase> <!-- ghaname -->
  <testcase classname="TestNG.Airport" name="apmName" time="0.0">
    <ignored/>
  </testcase> <!-- apmName -->
  <testcase classname="TestNG.Airport" name="Namelabel" time="0.0">
    <ignored/>
  </testcase> <!-- Namelabel -->
  <testcase classname="TestNG.Airport" name="apmAdditionalInformation" time="0.0">
    <ignored/>
  </testcase> <!-- apmAdditionalInformation -->
  <testcase classname="TestNG.Airport" name="apmAddress" time="0.0">
    <ignored/>
  </testcase> <!-- apmAddress -->
  <testcase classname="TestNG.Airport" name="TransitTimemm" time="0.0">
    <ignored/>
  </testcase> <!-- TransitTimemm -->
  <testcase classname="TestNG.Airport" name="apmEmailID" time="0.0">
    <ignored/>
  </testcase> <!-- apmEmailID -->
  <testcase classname="TestNG.Airport" name="Without_Status_fields" time="0.0">
    <ignored/>
  </testcase> <!-- Without_Status_fields -->
  <testcase classname="TestNG.Airport" name="DimsUOM" time="0.0">
    <ignored/>
  </testcase> <!-- DimsUOM -->
  <testcase classname="TestNG.Airport" name="ManagerContactNo" time="0.0">
    <ignored/>
  </testcase> <!-- ManagerContactNo -->
  <testcase classname="TestNG.Airport" name="Without_Latitude_fields" time="0.0">
    <ignored/>
  </testcase> <!-- Without_Latitude_fields -->
  <testcase classname="TestNG.Airport" name="ULDEnabled" time="0.0">
    <ignored/>
  </testcase> <!-- ULDEnabled -->
  <testcase classname="TestNG.Airport" name="StateLable" time="0.0">
    <ignored/>
  </testcase> <!-- StateLable -->
  <testcase classname="TestNG.Airport" name="ghaEmailID" time="0.0">
    <ignored/>
  </testcase> <!-- ghaEmailID -->
  <testcase classname="TestNG.Airport" name="gsaSITAAddress" time="0.0">
    <ignored/>
  </testcase> <!-- gsaSITAAddress -->
  <testcase classname="TestNG.Airport" name="Without_Namefields" time="0.0">
    <ignored/>
  </testcase> <!-- Without_Namefields -->
  <testcase classname="TestNG.Airport" name="Without_City_fields" time="0.0">
    <ignored/>
  </testcase> <!-- Without_City_fields -->
  <testcase classname="TestNG.Airport" name="CutOffTimehh" time="0.0">
    <ignored/>
  </testcase> <!-- CutOffTimehh -->
  <testcase classname="TestNG.Airport" name="gsaContactNo" time="0.0">
    <ignored/>
  </testcase> <!-- gsaContactNo -->
  <testcase classname="TestNG.Airport" name="Booking_Currency_Type" time="0.0">
    <ignored/>
  </testcase> <!-- Booking_Currency_Type -->
  <testcase classname="TestNG.Airport" name="TimeZone" time="0.0">
    <ignored/>
  </testcase> <!-- TimeZone -->
  <testcase classname="TestNG.Airport" name="OfficeTime" time="0.0">
    <ignored/>
  </testcase> <!-- OfficeTime -->
  <testcase classname="TestNG.Airport" name="ManagerEmailID" time="0.0">
    <ignored/>
  </testcase> <!-- ManagerEmailID -->
  <testcase classname="TestNG.Airport" name="ManagerNameLable" time="0.0">
    <ignored/>
  </testcase> <!-- ManagerNameLable -->
  <testcase classname="TestNG.Airport" name="ProfitCenter" time="0.0">
    <ignored/>
  </testcase> <!-- ProfitCenter -->
  <testcase classname="TestNG.Airport" name="ghaContactNo" time="0.0">
    <ignored/>
  </testcase> <!-- ghaContactNo -->
  <testcase classname="TestNG.Airport" name="gsaname" time="0.0">
    <ignored/>
  </testcase> <!-- gsaname -->
  <testcase classname="TestNG.Airport" name="TransitTimehh" time="0.0">
    <ignored/>
  </testcase> <!-- TransitTimehh -->
  <testcase classname="TestNG.Airport" name="WithAll_fields" time="0.0">
    <ignored/>
  </testcase> <!-- WithAll_fields -->
</testsuite> <!-- Test -->
