<?xml version="1.0" encoding="UTF-8"?>
<testng-results ignored="0" total="1" passed="1" failed="0" skipped="0">
  <reporter-output>
  </reporter-output>
  <suite started-at="2023-04-01T21:34:17 IST" name="Default suite" finished-at="2023-04-01T21:34:23 IST" duration-ms="6224">
    <groups>
    </groups>
    <test started-at="2023-04-01T21:34:17 IST" name="Default test" finished-at="2023-04-01T21:34:23 IST" duration-ms="6224">
      <class name="WPOM">
        <test-method signature="browserOpen()[pri:0, instance:WPOM@1bb266b3]" started-at="2023-04-01T21:34:17 IST" name="browserOpen" finished-at="2023-04-01T21:34:23 IST" duration-ms="6190" status="PASS">
          <reporter-output>
          </reporter-output>
        </test-method> <!-- browserOpen -->
      </class> <!-- WPOM -->
    </test> <!-- Default test -->
  </suite> <!-- Default suite -->
</testng-results>
